<?xml version="1.0" encoding="UTF-8"?>
<testng-results skipped="0" failed="0" total="1" passed="1">
  <reporter-output>
  </reporter-output>
  <suite name="Readmine" duration-ms="3159" started-at="2011-10-23T16:51:43Z" finished-at="2011-10-23T16:51:46Z">
    <groups>
    </groups>
    <test name="SMOKE TEST" duration-ms="3159" started-at="2011-10-23T16:51:43Z" finished-at="2011-10-23T16:51:46Z">
      <class name="com.redmine.test.BasicTestCase">
        <test-method status="PASS" signature="tearDown()" name="tearDown" is-config="true" duration-ms="914" started-at="2011-10-23T16:51:45Z" finished-at="2011-10-23T16:51:46Z">
        </test-method>
      </class>
      <class name="com.redmine.test.LoginTest">
        <test-method status="PASS" signature="testLogin()" name="testLogin" duration-ms="2239" started-at="2011-10-23T16:51:43Z" finished-at="2011-10-23T16:51:45Z">
        </test-method>
      </class>
    </test>
  </suite>
</testng-results>
